#0 building with "default" instance using docker driver

#1 [internal] load .dockerignore
#1 transferring context: 2B done
#1 DONE 0.0s

#2 [internal] load build definition from Dockerfile
#2 transferring dockerfile: 2.23kB done
#2 DONE 0.0s

#3 [internal] load metadata for docker.io/library/python:3.8.6
#3 DONE 0.7s

#4 [ 1/11] FROM docker.io/library/python:3.8.6@sha256:c0834fbc6e4b987a8aa1a70a5a307c7d275bf06655b1f86961c6a097c9185990
#4 DONE 0.0s

#5 [internal] load build context
#5 transferring context: 2.27kB done
#5 DONE 0.0s

#6 [ 3/11] WORKDIR /work
#6 CACHED

#7 [ 5/11] RUN apt update && apt install -y --no-install-recommends     libgl1-mesa-glx     && apt clean     && rm -rf /var/lib/apt/lists/*
#7 CACHED

#8 [ 8/11] RUN pip install pynvrtc
#8 CACHED

#9 [ 4/11] COPY ./requirements .
#9 CACHED

#10 [ 7/11] RUN pip install termcolor
#10 CACHED

#11 [10/11] RUN apt update && apt install -y     git     tmux     && apt-get clean     && rm -rf /var/lib/apt/lists/*
#11 CACHED

#12 [ 6/11] RUN pip install torch==1.11.0+cu113 torchvision==0.12.0+cu113 torchaudio==0.11.0 --extra-index-url https://download.pytorch.org/whl/cu113
#12 CACHED

#13 [ 9/11] RUN pip install h5py
#13 CACHED

#14 [ 2/11] RUN mkdir /work
#14 CACHED

#15 [11/11] COPY ./tmux.conf .
#15 CACHED

#16 exporting to image
#16 exporting layers done
#16 writing image sha256:ba2ac75bbc94952ef17ff01755494ddb59178b9f7adefff4fdc568adafb1dbdf done
#16 naming to docker.io/library/my-python-app done
#16 DONE 0.0s
